# JRE version: OpenJDK Runtime Environment 18.9 (11.0.11+9) (build 11.0.11+9)
# Java VM: OpenJDK 64-Bit Server VM 18.9 (11.0.11+9, mixed mode, tiered, compressed oops, g1 gc, windows-amd64)
Heap:
 garbage-first heap   total 262144K, used 114783K [0x0000000740000000, 0x0000000800000000)
  region size 1024K, 21 young (21504K), 8 survivors (8192K)
 Metaspace       used 59505K, capacity 60627K, committed 60832K, reserved 1101824K
  class space    used 7357K, capacity 7864K, committed 7936K, reserved 1048576K
GC Heap History (18 events):
Event: 13.926 GC heap before
{Heap before GC invocations=0 (full 0):
 garbage-first heap   total 262144K, used 65536K [0x0000000740000000, 0x0000000800000000)
  region size 1024K, 60 young (61440K), 0 survivors (0K)
 Metaspace       used 12931K, capacity 13321K, committed 13440K, reserved 1060864K
  class space    used 1201K, capacity 1361K, committed 1408K, reserved 1048576K
}
Event: 13.964 GC heap after
{Heap after GC invocations=1 (full 0):
 garbage-first heap   total 262144K, used 18012K [0x0000000740000000, 0x0000000800000000)
  region size 1024K, 8 young (8192K), 8 survivors (8192K)
 Metaspace       used 12931K, capacity 13321K, committed 13440K, reserved 1060864K
  class space    used 1201K, capacity 1361K, committed 1408K, reserved 1048576K
}
Event: 15.468 GC heap before
{Heap before GC invocations=1 (full 0):
 garbage-first heap   total 262144K, used 51804K [0x0000000740000000, 0x0000000800000000)
  region size 1024K, 41 young (41984K), 8 survivors (8192K)
 Metaspace       used 20504K, capacity 21046K, committed 21248K, reserved 1069056K
  class space    used 1809K, capacity 2039K, committed 2048K, reserved 1048576K
}
Event: 15.485 GC heap after
{Heap after GC invocations=2 (full 0):
 garbage-first heap   total 262144K, used 21792K [0x0000000740000000, 0x0000000800000000)
  region size 1024K, 4 young (4096K), 4 survivors (4096K)
 Metaspace       used 20504K, capacity 21046K, committed 21248K, reserved 1069056K
  class space    used 1809K, capacity 2039K, committed 2048K, reserved 1048576K
}
Event: 16.975 GC heap before
{Heap before GC invocations=3 (full 0):
 garbage-first heap   total 262144K, used 81184K [0x0000000740000000, 0x0000000800000000)
  region size 1024K, 60 young (61440K), 4 survivors (4096K)
 Metaspace       used 27688K, capacity 28329K, committed 28416K, reserved 1075200K
  class space    used 2709K, capacity 2993K, committed 3072K, reserved 1048576K
}
Event: 16.994 GC heap after
{Heap after GC invocations=4 (full 0):
 garbage-first heap   total 262144K, used 25652K [0x0000000740000000, 0x0000000800000000)
  region size 1024K, 8 young (8192K), 8 survivors (8192K)
 Metaspace       used 27688K, capacity 28329K, committed 28416K, reserved 1075200K
  class space    used 2709K, capacity 2993K, committed 3072K, reserved 1048576K
}
Event: 17.848 GC heap before
{Heap before GC invocations=4 (full 0):
 garbage-first heap   total 262144K, used 84020K [0x0000000740000000, 0x0000000800000000)
  region size 1024K, 60 young (61440K), 8 survivors (8192K)
 Metaspace       used 32264K, capacity 32975K, committed 33024K, reserved 1079296K
  class space    used 3251K, capacity 3536K, committed 3584K, reserved 1048576K
}
Event: 17.850 GC heap after
{Heap after GC invocations=5 (full 0):
 garbage-first heap   total 262144K, used 36134K [0x0000000740000000, 0x0000000800000000)
  region size 1024K, 5 young (5120K), 5 survivors (5120K)
 Metaspace       used 32264K, capacity 32975K, committed 33024K, reserved 1079296K
  class space    used 3251K, capacity 3536K, committed 3584K, reserved 1048576K
}
Event: 18.230 GC heap before
{Heap before GC invocations=5 (full 0):
 garbage-first heap   total 262144K, used 77094K [0x0000000740000000, 0x0000000800000000)
  region size 1024K, 46 young (47104K), 5 survivors (5120K)
 Metaspace       used 34802K, capacity 35490K, committed 35628K, reserved 1081344K
  class space    used 3614K, capacity 3923K, committed 3968K, reserved 1048576K
}
Event: 18.233 GC heap after
{Heap after GC invocations=6 (full 0):
 garbage-first heap   total 262144K, used 34345K [0x0000000740000000, 0x0000000800000000)
  region size 1024K, 5 young (5120K), 5 survivors (5120K)
 Metaspace       used 34802K, capacity 35490K, committed 35628K, reserved 1081344K
  class space    used 3614K, capacity 3923K, committed 3968K, reserved 1048576K
}
Event: 23.841 GC heap before
{Heap before GC invocations=7 (full 0):
 garbage-first heap   total 262144K, used 90665K [0x0000000740000000, 0x0000000800000000)
  region size 1024K, 60 young (61440K), 5 survivors (5120K)
 Metaspace       used 45506K, capacity 46382K, committed 46636K, reserved 1091584K
  class space    used 5107K, capacity 5498K, committed 5504K, reserved 1048576K
}
Event: 23.844 GC heap after
{Heap after GC invocations=8 (full 0):
 garbage-first heap   total 262144K, used 39808K [0x0000000740000000, 0x0000000800000000)
  region size 1024K, 7 young (7168K), 7 survivors (7168K)
 Metaspace       used 45506K, capacity 46382K, committed 46636K, reserved 1091584K
  class space    used 5107K, capacity 5498K, committed 5504K, reserved 1048576K
}
Event: 24.546 GC heap before
{Heap before GC invocations=8 (full 0):
 garbage-first heap   total 262144K, used 93056K [0x0000000740000000, 0x0000000800000000)
  region size 1024K, 60 young (61440K), 7 survivors (7168K)
 Metaspace       used 51450K, capacity 52455K, committed 52652K, reserved 1095680K
  class space    used 5933K, capacity 6388K, committed 6400K, reserved 1048576K
}
Event: 24.563 GC heap after
{Heap after GC invocations=9 (full 0):
 garbage-first heap   total 262144K, used 48994K [0x0000000740000000, 0x0000000800000000)
  region size 1024K, 8 young (8192K), 8 survivors (8192K)
 Metaspace       used 51450K, capacity 52455K, committed 52652K, reserved 1095680K
  class space    used 5933K, capacity 6388K, committed 6400K, reserved 1048576K
}
Event: 25.020 GC heap before
{Heap before GC invocations=9 (full 0):
 garbage-first heap   total 262144K, used 102242K [0x0000000740000000, 0x0000000800000000)
  region size 1024K, 60 young (61440K), 8 survivors (8192K)
 Metaspace       used 52932K, capacity 53869K, committed 54188K, reserved 1097728K
  class space    used 6173K, capacity 6614K, committed 6656K, reserved 1048576K
}
Event: 25.023 GC heap after
{Heap after GC invocations=10 (full 0):
 garbage-first heap   total 262144K, used 51511K [0x0000000740000000, 0x0000000800000000)
  region size 1024K, 5 young (5120K), 5 survivors (5120K)
 Metaspace       used 52932K, capacity 53869K, committed 54188K, reserved 1097728K
  class space    used 6173K, capacity 6614K, committed 6656K, reserved 1048576K
}
Event: 25.927 GC heap before
{Heap before GC invocations=10 (full 0):
 garbage-first heap   total 262144K, used 142647K [0x0000000740000000, 0x0000000800000000)
  region size 1024K, 56 young (57344K), 5 survivors (5120K)
 Metaspace       used 58578K, capacity 59667K, committed 59808K, reserved 1101824K
  class space    used 7193K, capacity 7651K, committed 7680K, reserved 1048576K
}
Event: 25.932 GC heap after
{Heap after GC invocations=11 (full 0):
 garbage-first heap   total 262144K, used 104543K [0x0000000740000000, 0x0000000800000000)
  region size 1024K, 8 young (8192K), 8 survivors (8192K)
 Metaspace       used 58578K, capacity 59667K, committed 59808K, reserved 1101824K
  class space    used 7193K, capacity 7651K, committed 7680K, reserved 1048576K
}

